2017-12-09 15:17:01 r27: begin
2017-12-09 15:17:01 r27: executing
2017-12-09 15:17:16 r27: checking
2017-12-09 15:17:16 r27: tocke=2
2017-12-09 15:17:16 r27: end
2017-12-12 16:02:02 r29: begin
2017-12-12 16:02:02 r29: executing
2017-12-12 16:02:17 r29: checking
2017-12-12 16:02:17 r29: tocke=3
2017-12-12 16:02:17 r29: end
2017-12-13 14:38:01 r31: begin
2017-12-13 14:38:02 r31: executing
2017-12-13 14:38:17 r31: checking
2017-12-13 14:38:17 r31: tocke=4
2017-12-13 14:38:17 r31: end
2017-12-13 15:03:01 r33: begin
2017-12-13 15:03:02 r33: executing
2017-12-13 15:03:17 r33: checking
2017-12-13 15:03:17 r33: tocke=4
2017-12-13 15:03:17 r33: end
2017-12-13 15:19:02 r35: begin
2017-12-13 15:19:02 r35: executing
2017-12-13 15:19:17 r35: checking
2017-12-13 15:19:17 r35: tocke=4
2017-12-13 15:19:17 r35: end
2017-12-13 15:27:01 r37: begin
2017-12-13 15:27:01 r37: executing
2017-12-13 15:27:17 r37: checking
2017-12-13 15:27:17 r37: tocke=5
2017-12-13 15:27:17 r37: end
2017-12-13 20:33:02 r39: begin
2017-12-13 20:33:02 r39: executing
2017-12-13 20:33:18 r39: checking
2017-12-13 20:33:18 r39: tocke=5
2017-12-13 20:33:18 r39: end
2017-12-13 20:39:02 r41: begin
2017-12-13 20:39:02 r41: executing
2017-12-13 20:39:19 r41: checking
2017-12-13 20:39:19 r41: tocke=5
2017-12-13 20:39:19 r41: end
2017-12-14 16:31:02 r43: begin
2017-12-14 16:31:02 r43: executing
2017-12-14 16:31:17 r43: checking
2017-12-14 16:31:18 r43: tocke=6
2017-12-14 16:31:18 r43: end
2017-12-14 16:54:02 r45: begin
2017-12-14 16:54:02 r45: executing
2017-12-14 16:54:18 r45: checking
2017-12-14 16:54:18 r45: tocke=7
2017-12-14 16:54:18 r45: end
2017-12-14 18:17:02 r47: begin
2017-12-14 18:17:02 r47: executing
2017-12-14 18:17:20 r47: checking
2017-12-14 18:17:20 r47: tocke=7
2017-12-14 18:17:20 r47: end
2017-12-17 10:06:02 r49: begin
2017-12-17 10:06:02 r49: executing
2017-12-17 10:06:19 r49: checking
2017-12-17 10:06:19 r49: tocke=0
2017-12-17 10:06:19 r49: end
2017-12-17 10:09:02 r51: begin
2017-12-17 10:09:02 r51: executing
2017-12-17 10:09:21 r51: checking
2017-12-17 10:09:21 r51: tocke=8
2017-12-17 10:09:21 r51: end
2017-12-17 12:11:02 r53: begin
2017-12-17 12:11:02 r53: executing
2017-12-17 12:11:21 r53: checking
2017-12-17 12:11:21 r53: tocke=10
2017-12-17 12:11:21 r53: end
2017-12-19 11:02:02 r55: begin
2017-12-19 11:02:02 r55: executing
2017-12-19 11:02:12 r55: compile failed
2017-12-19 11:02:12 r55: end
2017-12-19 11:05:03 r57: begin
2017-12-19 11:05:03 r57: executing
2017-12-19 11:05:22 r57: checking
2017-12-19 11:05:22 r57: tocke=10
2017-12-19 11:05:22 r57: end
2017-12-19 12:28:02 r59: begin
2017-12-19 12:28:03 r59: executing
2017-12-19 12:28:22 r59: checking
2017-12-19 12:28:23 r59: tocke=10
2017-12-19 12:28:23 r59: end
2017-12-19 22:00:03 r61: begin
2017-12-19 22:00:03 r61: executing
2017-12-19 22:00:22 r61: checking
2017-12-19 22:00:22 r61: tocke=11
2017-12-19 22:00:23 r61: end
2017-12-23 09:27:02 r63: begin
2017-12-23 09:27:02 r63: executing
2017-12-23 09:27:22 r63: checking
2017-12-23 09:27:22 r63: tocke=11
2017-12-23 09:27:22 r63: end
2017-12-23 09:38:02 r65: begin
2017-12-23 09:38:02 r65: executing
2017-12-23 09:38:22 r65: checking
2017-12-23 09:38:22 r65: tocke=10
2017-12-23 09:38:22 r65: end
2017-12-23 09:43:14 r67: begin
2017-12-23 09:43:14 r67: skip, newer=r68
2017-12-23 09:43:14 r67: end
2017-12-23 09:43:25 r68: begin
2017-12-23 09:43:25 r68: executing
2017-12-23 09:43:43 r68: checking
2017-12-23 09:43:44 r68: tocke=11
2017-12-23 09:43:44 r68: end
2017-12-23 09:44:48 r70: begin
2017-12-23 09:44:48 r70: executing
2017-12-23 09:45:07 r70: checking
2017-12-23 09:45:07 r70: tocke=11
2017-12-23 09:45:07 r70: end
2017-12-23 09:58:03 r73: begin
2017-12-23 09:58:03 r73: executing
2017-12-23 09:58:22 r73: checking
2017-12-23 09:58:22 r73: tocke=10
2017-12-23 09:58:22 r73: end
2017-12-23 10:12:49 r75: begin
2017-12-23 10:12:49 r75: executing
2017-12-23 10:13:08 r75: checking
2017-12-23 10:13:08 r75: tocke=11
2017-12-23 10:13:08 r75: end
2017-12-23 10:16:03 r77: begin
2017-12-23 10:16:03 r77: executing
2017-12-23 10:16:22 r77: checking
2017-12-23 10:16:22 r77: tocke=11
2017-12-23 10:16:22 r77: end
2017-12-23 10:32:04 r79: begin
2017-12-23 10:32:04 r79: executing
2017-12-23 10:32:22 r79: checking
2017-12-23 10:32:23 r79: tocke=12
2017-12-23 10:32:23 r79: end
