2018-01-13 12:42:01 r81: begin
2018-01-13 12:42:01 r81: executing
2018-01-13 12:42:16 r81: checking
2018-01-13 12:42:16 r81: tocke=0
2018-01-13 12:42:16 r81: end
2018-01-13 12:46:01 r83: begin
2018-01-13 12:46:01 r83: executing
2018-01-13 12:46:14 r83: checking
2018-01-13 12:46:14 r83: tocke=0
2018-01-13 12:46:14 r83: end
2018-01-13 12:50:01 r85: begin
2018-01-13 12:50:01 r85: executing
2018-01-13 12:50:14 r85: checking
2018-01-13 12:50:15 r85: tocke=0
2018-01-13 12:50:15 r85: end
2018-01-13 12:56:02 r87: begin
2018-01-13 12:56:02 r87: executing
2018-01-13 12:56:14 r87: checking
2018-01-13 12:56:14 r87: tocke=0
2018-01-13 12:56:14 r87: end
2018-01-13 13:01:02 r89: begin
2018-01-13 13:01:02 r89: executing
2018-01-13 13:01:13 r89: compile failed
2018-01-13 13:01:13 r89: end
2018-01-13 13:10:02 r91: begin
2018-01-13 13:10:02 r91: executing
2018-01-13 13:10:14 r91: checking
2018-01-13 13:10:14 r91: tocke=0
2018-01-13 13:10:14 r91: end
2018-01-13 13:18:02 r93: begin
2018-01-13 13:18:02 r93: executing
2018-01-13 13:18:15 r93: checking
2018-01-13 13:18:15 r93: tocke=2
2018-01-13 13:18:15 r93: end
2018-01-13 15:17:01 r95: begin
2018-01-13 15:17:01 r95: executing
2018-01-13 15:17:15 r95: checking
2018-01-13 15:17:15 r95: tocke=2
2018-01-13 15:17:15 r95: end
2018-01-13 17:15:01 r97: begin
2018-01-13 17:15:01 r97: executing
2018-01-13 17:15:15 r97: checking
2018-01-13 17:15:15 r97: tocke=2
2018-01-13 17:15:15 r97: end
2018-01-13 22:05:02 r99: begin
2018-01-13 22:05:02 r99: executing
2018-01-13 22:05:17 r99: checking
2018-01-13 22:05:17 r99: tocke=2
2018-01-13 22:05:17 r99: end
2018-01-13 22:13:02 r101: begin
2018-01-13 22:13:02 r101: executing
2018-01-13 22:13:16 r101: checking
2018-01-13 22:13:16 r101: tocke=2
2018-01-13 22:13:16 r101: end
2018-01-13 22:20:02 r103: begin
2018-01-13 22:20:02 r103: executing
2018-01-13 22:20:16 r103: checking
2018-01-13 22:20:16 r103: tocke=2
2018-01-13 22:20:16 r103: end
2018-01-13 22:25:02 r105: begin
2018-01-13 22:25:02 r105: executing
2018-01-13 22:25:17 r105: checking
2018-01-13 22:25:17 r105: tocke=4
2018-01-13 22:25:17 r105: end
2018-01-13 22:30:01 r107: begin
2018-01-13 22:30:02 r107: executing
2018-01-13 22:30:15 r107: checking
2018-01-13 22:30:15 r107: tocke=4
2018-01-13 22:30:15 r107: end
2018-01-14 11:45:02 r109: begin
2018-01-14 11:45:02 r109: executing
2018-01-14 11:45:16 r109: checking
2018-01-14 11:45:16 r109: tocke=4
2018-01-14 11:45:16 r109: end
2018-01-14 11:53:02 r111: begin
2018-01-14 11:53:02 r111: executing
2018-01-14 11:53:16 r111: checking
2018-01-14 11:53:16 r111: tocke=4
2018-01-14 11:53:16 r111: end
2018-01-14 12:01:02 r113: begin
2018-01-14 12:01:02 r113: executing
2018-01-14 12:01:16 r113: checking
2018-01-14 12:01:16 r113: tocke=4
2018-01-14 12:01:16 r113: end
2018-01-14 12:06:02 r115: begin
2018-01-14 12:06:02 r115: executing
2018-01-14 12:06:16 r115: checking
2018-01-14 12:06:16 r115: tocke=4
2018-01-14 12:06:16 r115: end
2018-01-14 12:11:02 r117: begin
2018-01-14 12:11:02 r117: executing
2018-01-14 12:11:16 r117: checking
2018-01-14 12:11:16 r117: tocke=0
2018-01-14 12:11:16 r117: end
2018-01-17 13:27:02 r119: begin
2018-01-17 13:27:02 r119: executing
2018-01-17 13:27:17 r119: checking
2018-01-17 13:27:17 r119: tocke=6
2018-01-17 13:27:17 r119: end
2018-01-17 14:35:03 r121: begin
2018-01-17 14:35:03 r121: executing
2018-01-17 14:35:16 r121: checking
2018-01-17 14:35:17 r121: tocke=6
2018-01-17 14:35:17 r121: end
2018-01-18 14:22:02 r123: begin
2018-01-18 14:22:02 r123: executing
2018-01-18 14:22:16 r123: checking
2018-01-18 14:22:16 r123: tocke=7
2018-01-18 14:22:16 r123: end
2018-01-18 15:37:03 r125: begin
2018-01-18 15:37:03 r125: executing
2018-01-18 15:37:17 r125: checking
2018-01-18 15:37:17 r125: tocke=8
2018-01-18 15:37:17 r125: end
2018-01-20 10:48:03 r127: begin
2018-01-20 10:48:03 r127: executing
2018-01-20 10:48:17 r127: checking
2018-01-20 10:48:17 r127: tocke=9
2018-01-20 10:48:17 r127: end
2018-01-20 10:53:03 r129: begin
2018-01-20 10:53:03 r129: executing
2018-01-20 10:53:18 r129: checking
2018-01-20 10:53:18 r129: tocke=11
2018-01-20 10:53:18 r129: end
