CODE CHUNK: label=_main
  FRAME(main: level=1,label=_main,sizeLocs=4,sizeArgs=8,size=20,FP=T8,RV=T9)
  SEQ
    MOVE
      TEMP name=T27
      CONST value=Vnesite stevilo: 
    MOVE
      TEMP name=T28
      CALL label=_putString
        TEMP name=T27
    EXP
      TEMP name=T28
    EXP
      CONST value=0
    MOVE
      TEMP name=T29
      BINOP op=+
        TEMP name=T8
        CONST value=-4
    MOVE
      TEMP name=T30
      CALL label=_getInt
        TEMP name=T29
    EXP
      TEMP name=T30
    EXP
      CONST value=0
    MOVE
      TEMP name=T12
      BINOP op=+
        TEMP name=T8
        CONST value=-4
    MOVE
      TEMP name=T31
      MEM
        TEMP name=T8
    MOVE
      TEMP name=T32
      MEM
        BINOP op=+
          TEMP name=T8
          CONST value=-4
    MOVE
      TEMP name=T33
      CALL label=_fib
        TEMP name=T31
        TEMP name=T32
    MOVE
      TEMP name=T13
      TEMP name=T33
    MOVE
      MEM
        TEMP name=T12
      TEMP name=T13
    EXP
      TEMP name=T13
    MOVE
      TEMP name=T34
      MEM
        BINOP op=+
          TEMP name=T8
          CONST value=-4
    MOVE
      TEMP name=T35
      CALL label=_putInt
        TEMP name=T34
    EXP
      TEMP name=T35
    MOVE
      TEMP name=T9
      CONST value=0
CODE CHUNK: label=_fib
  FRAME(fib: level=1,label=_fib,sizeLocs=4,sizeArgs=8,size=20,FP=T10,RV=T11)
  SEQ
    CJUMP labels=L0,L4
      BINOP op=<
        MEM
          BINOP op=+
            TEMP name=T10
            CONST value=4
        CONST value=2
    LABEL label=L4
    JUMP label=L1
    LABEL label=L0
    MOVE
      TEMP name=T14
      BINOP op=+
        TEMP name=T10
        CONST value=-4
    MOVE
      TEMP name=T15
      CONST value=1
    MOVE
      MEM
        TEMP name=T14
      TEMP name=T15
    EXP
      TEMP name=T15
    JUMP label=L2
    LABEL label=L1
    MOVE
      TEMP name=T16
      BINOP op=+
        TEMP name=T10
        CONST value=-4
    MOVE
      TEMP name=T42
      MEM
        TEMP name=T10
    MOVE
      TEMP name=T43
      BINOP op=-
        MEM
          BINOP op=+
            TEMP name=T10
            CONST value=4
        CONST value=1
    MOVE
      TEMP name=T44
      CALL label=_fib
        TEMP name=T42
        TEMP name=T43
    MOVE
      TEMP name=T45
      MEM
        TEMP name=T10
    MOVE
      TEMP name=T46
      BINOP op=-
        MEM
          BINOP op=+
            TEMP name=T10
            CONST value=4
        CONST value=2
    MOVE
      TEMP name=T47
      CALL label=_fib
        TEMP name=T45
        TEMP name=T46
    MOVE
      TEMP name=T17
      BINOP op=+
        TEMP name=T44
        TEMP name=T47
    MOVE
      MEM
        TEMP name=T16
      TEMP name=T17
    EXP
      TEMP name=T17
    LABEL label=L2
    MOVE
      TEMP name=T11
      MEM
        BINOP op=+
          TEMP name=T10
          CONST value=-4
